{"D:\\node_46\\ExpressJS\\be-cyber-media\\src\\common\\constant\\app.constant.js": {"path":"D:\\node_46\\ExpressJS\\be-cyber-media\\src\\common\\constant\\app.constant.js","statementMap":{"0":{"start":{"line":1,"column":28},"end":{"line":1,"column":52}},"1":{"start":{"line":8,"column":35},"end":{"line":8,"column":66}},"2":{"start":{"line":10,"column":36},"end":{"line":10,"column":68}},"3":{"start":{"line":13,"column":36},"end":{"line":13,"column":68}},"4":{"start":{"line":15,"column":37},"end":{"line":15,"column":70}},"5":{"start":{"line":17,"column":0},"end":{"line":23,"column":4}}},"fnMap":{},"branchMap":{},"s":{"0":1,"1":1,"2":1,"3":1,"4":1,"5":1},"f":{},"b":{},"_coverageSchema":"1a1c01bbd47fc00a2c39e90264f33305004495a9","hash":"4b2aadde879576577cd28693d2864e9ccee3389d"}
,"D:\\node_46\\ExpressJS\\be-cyber-media\\src\\common\\helpers\\error.helper.js": {"path":"D:\\node_46\\ExpressJS\\be-cyber-media\\src\\common\\helpers\\error.helper.js","statementMap":{"0":{"start":{"line":5,"column":27},"end":{"line":24,"column":1}},"1":{"start":{"line":12,"column":4},"end":{"line":14,"column":6}},"2":{"start":{"line":13,"column":8},"end":{"line":13,"column":22}},"3":{"start":{"line":16,"column":4},"end":{"line":18,"column":6}},"4":{"start":{"line":17,"column":8},"end":{"line":17,"column":22}},"5":{"start":{"line":21,"column":20},"end":{"line":21,"column":65}},"6":{"start":{"line":23,"column":4},"end":{"line":23,"column":42}},"7":{"start":{"line":30,"column":8},"end":{"line":30,"column":22}},"8":{"start":{"line":31,"column":8},"end":{"line":31,"column":23}},"9":{"start":{"line":37,"column":8},"end":{"line":37,"column":22}},"10":{"start":{"line":38,"column":8},"end":{"line":38,"column":23}},"11":{"start":{"line":45,"column":8},"end":{"line":45,"column":22}},"12":{"start":{"line":46,"column":8},"end":{"line":46,"column":23}}},"fnMap":{"0":{"name":"(anonymous_0)","decl":{"start":{"line":5,"column":27},"end":{"line":5,"column":28}},"loc":{"start":{"line":5,"column":52},"end":{"line":24,"column":1}},"line":5},"1":{"name":"(anonymous_1)","decl":{"start":{"line":28,"column":4},"end":{"line":28,"column":5}},"loc":{"start":{"line":28,"column":49},"end":{"line":32,"column":5}},"line":28},"2":{"name":"(anonymous_2)","decl":{"start":{"line":36,"column":4},"end":{"line":36,"column":5}},"loc":{"start":{"line":36,"column":54},"end":{"line":39,"column":5}},"line":36},"3":{"name":"(anonymous_3)","decl":{"start":{"line":43,"column":4},"end":{"line":43,"column":5}},"loc":{"start":{"line":43,"column":55},"end":{"line":47,"column":5}},"line":43}},"branchMap":{"0":{"loc":{"start":{"line":12,"column":4},"end":{"line":14,"column":6}},"type":"if","locations":[{"start":{"line":12,"column":4},"end":{"line":14,"column":6}},{"start":{},"end":{}}],"line":12},"1":{"loc":{"start":{"line":16,"column":4},"end":{"line":18,"column":6}},"type":"if","locations":[{"start":{"line":16,"column":4},"end":{"line":18,"column":6}},{"start":{},"end":{}}],"line":16},"2":{"loc":{"start":{"line":28,"column":16},"end":{"line":28,"column":47}},"type":"default-arg","locations":[{"start":{"line":28,"column":26},"end":{"line":28,"column":47}}],"line":28},"3":{"loc":{"start":{"line":36,"column":16},"end":{"line":36,"column":52}},"type":"default-arg","locations":[{"start":{"line":36,"column":26},"end":{"line":36,"column":52}}],"line":36},"4":{"loc":{"start":{"line":43,"column":16},"end":{"line":43,"column":53}},"type":"default-arg","locations":[{"start":{"line":43,"column":26},"end":{"line":43,"column":53}}],"line":43}},"s":{"0":1,"1":0,"2":0,"3":0,"4":0,"5":0,"6":0,"7":0,"8":0,"9":0,"10":0,"11":0,"12":0},"f":{"0":0,"1":0,"2":0,"3":0},"b":{"0":[0,0],"1":[0,0],"2":[0],"3":[0],"4":[0]},"_coverageSchema":"1a1c01bbd47fc00a2c39e90264f33305004495a9","hash":"22d6aacb75fd90cbf1fa2c4d3106c45e4594d584"}
,"D:\\node_46\\ExpressJS\\be-cyber-media\\src\\common\\helpers\\response.helper.js": {"path":"D:\\node_46\\ExpressJS\\be-cyber-media\\src\\common\\helpers\\response.helper.js","statementMap":{"0":{"start":{"line":1,"column":31},"end":{"line":13,"column":2}},"1":{"start":{"line":2,"column":4},"end":{"line":4,"column":5}},"2":{"start":{"line":3,"column":8},"end":{"line":3,"column":18}},"3":{"start":{"line":5,"column":20},"end":{"line":11,"column":5}},"4":{"start":{"line":12,"column":4},"end":{"line":12,"column":18}},"5":{"start":{"line":20,"column":29},"end":{"line":31,"column":2}},"6":{"start":{"line":22,"column":4},"end":{"line":24,"column":5}},"7":{"start":{"line":23,"column":8},"end":{"line":23,"column":18}},"8":{"start":{"line":25,"column":4},"end":{"line":30,"column":5}}},"fnMap":{"0":{"name":"(anonymous_0)","decl":{"start":{"line":1,"column":31},"end":{"line":1,"column":32}},"loc":{"start":{"line":1,"column":78},"end":{"line":13,"column":2}},"line":1},"1":{"name":"(anonymous_1)","decl":{"start":{"line":20,"column":29},"end":{"line":20,"column":30}},"loc":{"start":{"line":20,"column":91},"end":{"line":31,"column":2}},"line":20}},"branchMap":{"0":{"loc":{"start":{"line":1,"column":32},"end":{"line":1,"column":47}},"type":"default-arg","locations":[{"start":{"line":1,"column":43},"end":{"line":1,"column":47}}],"line":1},"1":{"loc":{"start":{"line":1,"column":48},"end":{"line":1,"column":62}},"type":"default-arg","locations":[{"start":{"line":1,"column":58},"end":{"line":1,"column":62}}],"line":1},"2":{"loc":{"start":{"line":1,"column":63},"end":{"line":1,"column":73}},"type":"default-arg","locations":[{"start":{"line":1,"column":70},"end":{"line":1,"column":73}}],"line":1},"3":{"loc":{"start":{"line":2,"column":4},"end":{"line":4,"column":5}},"type":"if","locations":[{"start":{"line":2,"column":4},"end":{"line":4,"column":5}},{"start":{},"end":{}}],"line":2},"4":{"loc":{"start":{"line":20,"column":30},"end":{"line":20,"column":63}},"type":"default-arg","locations":[{"start":{"line":20,"column":40},"end":{"line":20,"column":63}}],"line":20},"5":{"loc":{"start":{"line":20,"column":64},"end":{"line":20,"column":74}},"type":"default-arg","locations":[{"start":{"line":20,"column":71},"end":{"line":20,"column":74}}],"line":20},"6":{"loc":{"start":{"line":20,"column":76},"end":{"line":20,"column":86}},"type":"default-arg","locations":[{"start":{"line":20,"column":82},"end":{"line":20,"column":86}}],"line":20},"7":{"loc":{"start":{"line":22,"column":4},"end":{"line":24,"column":5}},"type":"if","locations":[{"start":{"line":22,"column":4},"end":{"line":24,"column":5}},{"start":{},"end":{}}],"line":22}},"s":{"0":1,"1":0,"2":0,"3":0,"4":0,"5":1,"6":0,"7":0,"8":0},"f":{"0":0,"1":0},"b":{"0":[0],"1":[0],"2":[0],"3":[0,0],"4":[0],"5":[0],"6":[0],"7":[0,0]},"_coverageSchema":"1a1c01bbd47fc00a2c39e90264f33305004495a9","hash":"edf931a0a1b7619b3583862017d75d8aa5d7a8c0"}
,"D:\\node_46\\ExpressJS\\be-cyber-media\\src\\common\\nodemailer\\send-mail.nodemailer.js": {"path":"D:\\node_46\\ExpressJS\\be-cyber-media\\src\\common\\nodemailer\\send-mail.nodemailer.js","statementMap":{"0":{"start":{"line":4,"column":20},"end":{"line":12,"column":2}},"1":{"start":{"line":17,"column":15},"end":{"line":23,"column":4}},"2":{"start":{"line":25,"column":2},"end":{"line":25,"column":50}}},"fnMap":{"0":{"name":"sendMail","decl":{"start":{"line":15,"column":15},"end":{"line":15,"column":23}},"loc":{"start":{"line":15,"column":31},"end":{"line":27,"column":1}},"line":15}},"branchMap":{},"s":{"0":1,"1":1,"2":0},"f":{"0":1},"b":{},"_coverageSchema":"1a1c01bbd47fc00a2c39e90264f33305004495a9","hash":"7589c4aac6684445b9277ece03e147080b2378e3"}
,"D:\\node_46\\ExpressJS\\be-cyber-media\\src\\common\\prisma\\init.prisma.js": {"path":"D:\\node_46\\ExpressJS\\be-cyber-media\\src\\common\\prisma\\init.prisma.js","statementMap":{"0":{"start":{"line":5,"column":22},"end":{"line":5,"column":40}}},"fnMap":{},"branchMap":{},"s":{"0":1},"f":{},"b":{},"_coverageSchema":"1a1c01bbd47fc00a2c39e90264f33305004495a9","hash":"db2388b1ccbf57bf476f912fc366be19e8afaa89"}
,"D:\\node_46\\ExpressJS\\be-cyber-media\\src\\services\\auth.service.js": {"path":"D:\\node_46\\ExpressJS\\be-cyber-media\\src\\services\\auth.service.js","statementMap":{"0":{"start":{"line":9,"column":20},"end":{"line":170,"column":1}},"1":{"start":{"line":13,"column":46},"end":{"line":13,"column":54}},"2":{"start":{"line":17,"column":27},"end":{"line":21,"column":10}},"3":{"start":{"line":24,"column":8},"end":{"line":26,"column":9}},"4":{"start":{"line":25,"column":12},"end":{"line":25,"column":65}},"5":{"start":{"line":29,"column":25},"end":{"line":29,"column":55}},"6":{"start":{"line":34,"column":24},"end":{"line":40,"column":10}},"7":{"start":{"line":42,"column":8},"end":{"line":42,"column":32}},"8":{"start":{"line":48,"column":8},"end":{"line":50,"column":11}},"9":{"start":{"line":49,"column":12},"end":{"line":49,"column":45}},"10":{"start":{"line":53,"column":8},"end":{"line":53,"column":22}},"11":{"start":{"line":56,"column":35},"end":{"line":56,"column":43}},"12":{"start":{"line":58,"column":27},"end":{"line":63,"column":10}},"13":{"start":{"line":65,"column":8},"end":{"line":67,"column":9}},"14":{"start":{"line":66,"column":12},"end":{"line":66,"column":85}},"15":{"start":{"line":69,"column":8},"end":{"line":77,"column":9}},"16":{"start":{"line":70,"column":12},"end":{"line":72,"column":13}},"17":{"start":{"line":71,"column":16},"end":{"line":71,"column":95}},"18":{"start":{"line":73,"column":12},"end":{"line":75,"column":13}},"19":{"start":{"line":74,"column":16},"end":{"line":74,"column":95}},"20":{"start":{"line":76,"column":12},"end":{"line":76,"column":80}},"21":{"start":{"line":80,"column":27},"end":{"line":80,"column":77}},"22":{"start":{"line":82,"column":8},"end":{"line":84,"column":9}},"23":{"start":{"line":83,"column":12},"end":{"line":83,"column":64}},"24":{"start":{"line":87,"column":23},"end":{"line":87,"column":67}},"25":{"start":{"line":89,"column":8},"end":{"line":89,"column":21}},"26":{"start":{"line":94,"column":43},"end":{"line":94,"column":51}},"27":{"start":{"line":95,"column":23},"end":{"line":95,"column":39}},"28":{"start":{"line":96,"column":8},"end":{"line":96,"column":47}},"29":{"start":{"line":98,"column":25},"end":{"line":102,"column":10}},"30":{"start":{"line":104,"column":8},"end":{"line":112,"column":9}},"31":{"start":{"line":105,"column":12},"end":{"line":111,"column":14}},"32":{"start":{"line":115,"column":24},"end":{"line":115,"column":68}},"33":{"start":{"line":117,"column":9},"end":{"line":117,"column":22}},"34":{"start":{"line":123,"column":29},"end":{"line":123,"column":69}},"35":{"start":{"line":124,"column":12},"end":{"line":126,"column":13}},"36":{"start":{"line":125,"column":16},"end":{"line":125,"column":98}},"37":{"start":{"line":128,"column":28},"end":{"line":128,"column":57}},"38":{"start":{"line":129,"column":8},"end":{"line":131,"column":9}},"39":{"start":{"line":130,"column":12},"end":{"line":130,"column":94}},"40":{"start":{"line":133,"column":36},"end":{"line":133,"column":82}},"41":{"start":{"line":135,"column":34},"end":{"line":135,"column":106}},"42":{"start":{"line":137,"column":8},"end":{"line":139,"column":9}},"43":{"start":{"line":138,"column":12},"end":{"line":138,"column":75}},"44":{"start":{"line":141,"column":27},"end":{"line":145,"column":11}},"45":{"start":{"line":147,"column":9},"end":{"line":147,"column":83}},"46":{"start":{"line":147,"column":26},"end":{"line":147,"column":83}},"47":{"start":{"line":150,"column":23},"end":{"line":150,"column":68}},"48":{"start":{"line":151,"column":8},"end":{"line":151,"column":21}},"49":{"start":{"line":156,"column":8},"end":{"line":158,"column":9}},"50":{"start":{"line":157,"column":12},"end":{"line":157,"column":73}},"51":{"start":{"line":160,"column":28},"end":{"line":160,"column":108}},"52":{"start":{"line":162,"column":29},"end":{"line":162,"column":111}},"53":{"start":{"line":164,"column":8},"end":{"line":167,"column":10}}},"fnMap":{"0":{"name":"(anonymous_0)","decl":{"start":{"line":11,"column":14},"end":{"line":11,"column":15}},"loc":{"start":{"line":11,"column":29},"end":{"line":54,"column":5}},"line":11},"1":{"name":"(anonymous_1)","decl":{"start":{"line":48,"column":38},"end":{"line":48,"column":39}},"loc":{"start":{"line":48,"column":47},"end":{"line":50,"column":10}},"line":48},"2":{"name":"(anonymous_2)","decl":{"start":{"line":55,"column":11},"end":{"line":55,"column":12}},"loc":{"start":{"line":55,"column":26},"end":{"line":90,"column":5}},"line":55},"3":{"name":"(anonymous_3)","decl":{"start":{"line":92,"column":19},"end":{"line":92,"column":20}},"loc":{"start":{"line":92,"column":33},"end":{"line":119,"column":6}},"line":92},"4":{"name":"(anonymous_4)","decl":{"start":{"line":120,"column":19},"end":{"line":120,"column":20}},"loc":{"start":{"line":120,"column":33},"end":{"line":152,"column":6}},"line":120},"5":{"name":"(anonymous_5)","decl":{"start":{"line":155,"column":18},"end":{"line":155,"column":19}},"loc":{"start":{"line":155,"column":31},"end":{"line":168,"column":6}},"line":155}},"branchMap":{"0":{"loc":{"start":{"line":24,"column":8},"end":{"line":26,"column":9}},"type":"if","locations":[{"start":{"line":24,"column":8},"end":{"line":26,"column":9}},{"start":{},"end":{}}],"line":24},"1":{"loc":{"start":{"line":65,"column":8},"end":{"line":67,"column":9}},"type":"if","locations":[{"start":{"line":65,"column":8},"end":{"line":67,"column":9}},{"start":{},"end":{}}],"line":65},"2":{"loc":{"start":{"line":69,"column":8},"end":{"line":77,"column":9}},"type":"if","locations":[{"start":{"line":69,"column":8},"end":{"line":77,"column":9}},{"start":{},"end":{}}],"line":69},"3":{"loc":{"start":{"line":70,"column":12},"end":{"line":72,"column":13}},"type":"if","locations":[{"start":{"line":70,"column":12},"end":{"line":72,"column":13}},{"start":{},"end":{}}],"line":70},"4":{"loc":{"start":{"line":73,"column":12},"end":{"line":75,"column":13}},"type":"if","locations":[{"start":{"line":73,"column":12},"end":{"line":75,"column":13}},{"start":{},"end":{}}],"line":73},"5":{"loc":{"start":{"line":82,"column":8},"end":{"line":84,"column":9}},"type":"if","locations":[{"start":{"line":82,"column":8},"end":{"line":84,"column":9}},{"start":{},"end":{}}],"line":82},"6":{"loc":{"start":{"line":104,"column":8},"end":{"line":112,"column":9}},"type":"if","locations":[{"start":{"line":104,"column":8},"end":{"line":112,"column":9}},{"start":{},"end":{}}],"line":104},"7":{"loc":{"start":{"line":124,"column":12},"end":{"line":126,"column":13}},"type":"if","locations":[{"start":{"line":124,"column":12},"end":{"line":126,"column":13}},{"start":{},"end":{}}],"line":124},"8":{"loc":{"start":{"line":129,"column":8},"end":{"line":131,"column":9}},"type":"if","locations":[{"start":{"line":129,"column":8},"end":{"line":131,"column":9}},{"start":{},"end":{}}],"line":129},"9":{"loc":{"start":{"line":137,"column":8},"end":{"line":139,"column":9}},"type":"if","locations":[{"start":{"line":137,"column":8},"end":{"line":139,"column":9}},{"start":{},"end":{}}],"line":137},"10":{"loc":{"start":{"line":147,"column":9},"end":{"line":147,"column":83}},"type":"if","locations":[{"start":{"line":147,"column":9},"end":{"line":147,"column":83}},{"start":{},"end":{}}],"line":147},"11":{"loc":{"start":{"line":156,"column":8},"end":{"line":158,"column":9}},"type":"if","locations":[{"start":{"line":156,"column":8},"end":{"line":158,"column":9}},{"start":{},"end":{}}],"line":156}},"s":{"0":1,"1":1,"2":1,"3":1,"4":0,"5":1,"6":1,"7":1,"8":1,"9":0,"10":1,"11":0,"12":0,"13":0,"14":0,"15":0,"16":0,"17":0,"18":0,"19":0,"20":0,"21":0,"22":0,"23":0,"24":0,"25":0,"26":0,"27":0,"28":0,"29":0,"30":0,"31":0,"32":0,"33":0,"34":0,"35":0,"36":0,"37":0,"38":0,"39":0,"40":0,"41":0,"42":0,"43":0,"44":0,"45":0,"46":0,"47":0,"48":0,"49":0,"50":0,"51":0,"52":0,"53":0},"f":{"0":1,"1":0,"2":0,"3":0,"4":0,"5":0},"b":{"0":[0,1],"1":[0,0],"2":[0,0],"3":[0,0],"4":[0,0],"5":[0,0],"6":[0,0],"7":[0,0],"8":[0,0],"9":[0,0],"10":[0,0],"11":[0,0]},"_coverageSchema":"1a1c01bbd47fc00a2c39e90264f33305004495a9","hash":"5b9d6fb5d6eb8c71b494e12663921d17675a389f"}
}
