TN:
SF:src\common\constant\app.constant.js
FNF:0
FNH:0
DA:1,1
DA:8,1
DA:10,1
DA:13,1
DA:15,1
DA:17,1
LF:6
LH:6
BRF:0
BRH:0
end_of_record
TN:
SF:src\common\helpers\error.helper.js
FN:5,(anonymous_0)
FN:28,(anonymous_1)
FN:36,(anonymous_2)
FN:43,(anonymous_3)
FNF:4
FNH:0
FNDA:0,(anonymous_0)
FNDA:0,(anonymous_1)
FNDA:0,(anonymous_2)
FNDA:0,(anonymous_3)
DA:5,1
DA:12,0
DA:13,0
DA:16,0
DA:17,0
DA:21,0
DA:23,0
DA:30,0
DA:31,0
DA:37,0
DA:38,0
DA:45,0
DA:46,0
LF:13
LH:1
BRDA:12,0,0,0
BRDA:12,0,1,0
BRDA:16,1,0,0
BRDA:16,1,1,0
BRDA:28,2,0,0
BRDA:36,3,0,0
BRDA:43,4,0,0
BRF:7
BRH:0
end_of_record
TN:
SF:src\common\helpers\response.helper.js
FN:1,(anonymous_0)
FN:20,(anonymous_1)
FNF:2
FNH:0
FNDA:0,(anonymous_0)
FNDA:0,(anonymous_1)
DA:1,1
DA:2,0
DA:3,0
DA:5,0
DA:12,0
DA:20,1
DA:22,0
DA:23,0
DA:25,0
LF:9
LH:2
BRDA:1,0,0,0
BRDA:1,1,0,0
BRDA:1,2,0,0
BRDA:2,3,0,0
BRDA:2,3,1,0
BRDA:20,4,0,0
BRDA:20,5,0,0
BRDA:20,6,0,0
BRDA:22,7,0,0
BRDA:22,7,1,0
BRF:10
BRH:0
end_of_record
TN:
SF:src\common\nodemailer\send-mail.nodemailer.js
FN:15,sendMail
FNF:1
FNH:1
FNDA:1,sendMail
DA:4,1
DA:17,1
DA:25,0
LF:3
LH:2
BRF:0
BRH:0
end_of_record
TN:
SF:src\common\prisma\init.prisma.js
FNF:0
FNH:0
DA:5,1
LF:1
LH:1
BRF:0
BRH:0
end_of_record
TN:
SF:src\services\auth.service.js
FN:11,(anonymous_0)
FN:48,(anonymous_1)
FN:55,(anonymous_2)
FN:92,(anonymous_3)
FN:120,(anonymous_4)
FN:155,(anonymous_5)
FNF:6
FNH:1
FNDA:1,(anonymous_0)
FNDA:0,(anonymous_1)
FNDA:0,(anonymous_2)
FNDA:0,(anonymous_3)
FNDA:0,(anonymous_4)
FNDA:0,(anonymous_5)
DA:9,1
DA:13,1
DA:17,1
DA:24,1
DA:25,0
DA:29,1
DA:34,1
DA:42,1
DA:48,1
DA:49,0
DA:53,1
DA:56,0
DA:58,0
DA:65,0
DA:66,0
DA:69,0
DA:70,0
DA:71,0
DA:73,0
DA:74,0
DA:76,0
DA:80,0
DA:82,0
DA:83,0
DA:87,0
DA:89,0
DA:94,0
DA:95,0
DA:96,0
DA:98,0
DA:104,0
DA:105,0
DA:115,0
DA:117,0
DA:123,0
DA:124,0
DA:125,0
DA:128,0
DA:129,0
DA:130,0
DA:133,0
DA:135,0
DA:137,0
DA:138,0
DA:141,0
DA:147,0
DA:150,0
DA:151,0
DA:156,0
DA:157,0
DA:160,0
DA:162,0
DA:164,0
LF:53
LH:9
BRDA:24,0,0,0
BRDA:24,0,1,1
BRDA:65,1,0,0
BRDA:65,1,1,0
BRDA:69,2,0,0
BRDA:69,2,1,0
BRDA:70,3,0,0
BRDA:70,3,1,0
BRDA:73,4,0,0
BRDA:73,4,1,0
BRDA:82,5,0,0
BRDA:82,5,1,0
BRDA:104,6,0,0
BRDA:104,6,1,0
BRDA:124,7,0,0
BRDA:124,7,1,0
BRDA:129,8,0,0
BRDA:129,8,1,0
BRDA:137,9,0,0
BRDA:137,9,1,0
BRDA:147,10,0,0
BRDA:147,10,1,0
BRDA:156,11,0,0
BRDA:156,11,1,0
BRF:24
BRH:1
end_of_record
